2025/10/23 22:58:25 [emerg] 1#1: host not found in upstream "BIBA:8080" in /etc/nginx/nginx.conf:20
2025/10/23 23:00:32 [emerg] 1#1: host not found in upstream "BIBA:8080" in /etc/nginx/nginx.conf:20
2025/10/23 23:06:38 [emerg] 1#1: host not found in upstream "BIBA:8080" in /etc/nginx/nginx.conf:20
2025/10/23 23:13:43 [emerg] 1#1: host not found in upstream "BIBA:8080" in /etc/nginx/nginx.conf:20
2025/10/23 23:14:50 [emerg] 1#1: host not found in upstream "BIBA:8080" in /etc/nginx/nginx.conf:20
2025/10/23 23:16:59 [emerg] 1#1: host not found in upstream "BIBA:8080" in /etc/nginx/nginx.conf:20
2025/10/23 23:17:28 [emerg] 1#1: host not found in upstream "BIBA:8080" in /etc/nginx/nginx.conf:20
2025/10/23 23:23:01 [emerg] 1#1: host not found in upstream "BIBA:8080" in /etc/nginx/nginx.conf:20
2025/10/23 23:23:06 [emerg] 1#1: host not found in upstream "BIBA:8080" in /etc/nginx/nginx.conf:20
2025/10/23 23:36:47 [emerg] 1#1: host not found in upstream "BIBA:8080" in /etc/nginx/nginx.conf:20
2025/10/23 23:39:50 [emerg] 1#1: host not found in upstream "BIBA:8080" in /etc/nginx/nginx.conf:20
2025/10/23 23:41:30 [emerg] 1#1: host not found in upstream "BIBA:8080" in /etc/nginx/nginx.conf:20
2025/10/23 23:56:46 [error] 29#29: *1 "/etc/nginx/html/index.html" is not found (2: No such file or directory), client: 192.168.65.1, server: localhost, request: "GET / HTTP/1.1", host: "localhost"
2025/10/23 23:56:46 [error] 29#29: *1 open() "/etc/nginx/html/favicon.ico" failed (2: No such file or directory), client: 192.168.65.1, server: localhost, request: "GET /favicon.ico HTTP/1.1", host: "localhost", referrer: "http://localhost/"
2025/10/23 23:56:48 [error] 29#29: *1 "/etc/nginx/html/index.html" is not found (2: No such file or directory), client: 192.168.65.1, server: localhost, request: "GET / HTTP/1.1", host: "localhost"
2025/10/23 23:57:12 [error] 29#29: *1 connect() failed (113: No route to host) while connecting to upstream, client: 192.168.65.1, server: localhost, request: "GET /boba/ HTTP/1.1", upstream: "http://172.21.0.3:8080/", host: "localhost"
2025/10/24 00:05:46 [error] 29#29: *9 open() "/etc/nginx/html/favicon.ico" failed (2: No such file or directory), client: 192.168.65.1, server: localhost, request: "GET /favicon.ico HTTP/1.1", host: "localhost"
2025/10/24 00:07:49 [error] 29#29: *14 "/etc/nginx/html/index.html" is not found (2: No such file or directory), client: 192.168.65.1, server: localhost, request: "GET / HTTP/1.1", host: "localhost"
2025/10/24 00:15:43 [warn] 1#1: duplicate MIME type "text/html" in /etc/nginx/nginx.conf:11
2025/10/24 00:15:52 [error] 29#29: *1 connect() failed (111: Connection refused) while connecting to upstream, client: 192.168.65.1, server: localhost, request: "GET /biba/ HTTP/1.1", upstream: "http://172.20.0.3:8080/", host: "localhost"
2025/10/24 01:12:32 [warn] 1#1: duplicate MIME type "text/html" in /etc/nginx/nginx.conf:11
2025/10/24 13:45:43 [warn] 1#1: duplicate MIME type "text/html" in /etc/nginx/nginx.conf:11
2025/10/24 13:59:06 [warn] 1#1: duplicate MIME type "text/html" in /etc/nginx/nginx.conf:11
2025/10/24 14:09:03 [warn] 1#1: duplicate MIME type "text/html" in /etc/nginx/nginx.conf:11
2025/10/24 14:09:15 [warn] 1#1: duplicate MIME type "text/html" in /etc/nginx/nginx.conf:11
2025/10/24 14:17:06 [warn] 1#1: duplicate MIME type "text/html" in /etc/nginx/nginx.conf:11
2025/10/24 14:37:00 [warn] 1#1: duplicate MIME type "text/html" in /etc/nginx/nginx.conf:11
2025/10/24 16:38:40 [warn] 1#1: duplicate MIME type "text/html" in /etc/nginx/nginx.conf:11
2025/11/04 10:03:21 [warn] 1#1: duplicate MIME type "text/html" in /etc/nginx/nginx.conf:11
2025/11/04 12:13:51 [warn] 1#1: duplicate MIME type "text/html" in /etc/nginx/nginx.conf:11
2025/11/21 22:12:29 [warn] 1#1: duplicate MIME type "text/html" in /etc/nginx/nginx.conf:11
2025/11/21 22:23:14 [error] 22#22: *19 upstream timed out (110: Connection timed out) while reading response header from upstream, client: 142.250.189.187, server: localhost, request: "GET /boba/ HTTP/1.1", upstream: "http://172.18.0.10:8080/", host: "localhost"
2025/11/22 07:55:47 [warn] 1#1: duplicate MIME type "text/html" in /etc/nginx/nginx.conf:11
2025/11/22 07:55:47 [emerg] 1#1: host not found in upstream "BIBA:8080" in /etc/nginx/nginx.conf:23
2025/11/22 07:56:05 [warn] 1#1: duplicate MIME type "text/html" in /etc/nginx/nginx.conf:11
2025/11/22 07:56:05 [emerg] 1#1: host not found in upstream "BIBA:8080" in /etc/nginx/nginx.conf:23
2025/11/22 07:56:27 [warn] 1#1: duplicate MIME type "text/html" in /etc/nginx/nginx.conf:11
2025/11/22 07:56:27 [emerg] 1#1: host not found in upstream "BIBA:8080" in /etc/nginx/nginx.conf:23
2025/11/22 07:57:51 [warn] 1#1: duplicate MIME type "text/html" in /etc/nginx/nginx.conf:11
2025/11/22 08:12:10 [warn] 1#1: duplicate MIME type "text/html" in /etc/nginx/nginx.conf:11
2025/11/22 08:13:21 [error] 22#22: *1 connect() failed (111: Connection refused) while connecting to upstream, client: 192.168.65.1, server: localhost, request: "GET /biba/ HTTP/1.1", upstream: "http://172.18.0.3:8080/", host: "localhost"
2025/11/22 08:14:08 [error] 22#22: *1 connect() failed (111: Connection refused) while connecting to upstream, client: 192.168.65.1, server: localhost, request: "GET /biba/ HTTP/1.1", upstream: "http://172.18.0.3:8080/", host: "localhost"
2025/11/22 08:21:59 [error] 22#22: *7 connect() failed (111: Connection refused) while connecting to upstream, client: 192.168.65.1, server: localhost, request: "GET /biba/ HTTP/1.1", upstream: "http://172.18.0.3:8080/", host: "localhost"
2025/11/22 08:25:09 [warn] 1#1: duplicate MIME type "text/html" in /etc/nginx/nginx.conf:11
2025/11/22 08:25:52 [warn] 1#1: duplicate MIME type "text/html" in /etc/nginx/nginx.conf:11
2025/11/22 08:25:52 [emerg] 1#1: host not found in upstream "BIBA:8080" in /etc/nginx/nginx.conf:23
2025/11/22 08:26:01 [warn] 1#1: duplicate MIME type "text/html" in /etc/nginx/nginx.conf:11
2025/11/22 08:38:52 [warn] 1#1: duplicate MIME type "text/html" in /etc/nginx/nginx.conf:11
2025/11/22 08:39:47 [warn] 1#1: duplicate MIME type "text/html" in /etc/nginx/nginx.conf:11
2025/11/22 08:40:15 [error] 22#22: *1 connect() failed (111: Connection refused) while connecting to upstream, client: 192.168.65.1, server: localhost, request: "GET /biba/ HTTP/1.1", upstream: "http://172.18.0.10:8080/", host: "localhost"
2025/11/22 08:40:23 [error] 22#22: *1 connect() failed (111: Connection refused) while connecting to upstream, client: 192.168.65.1, server: localhost, request: "GET /boba/ HTTP/1.1", upstream: "http://172.18.0.9:8080/", host: "localhost"
2025/11/22 08:40:24 [error] 22#22: *1 connect() failed (111: Connection refused) while connecting to upstream, client: 192.168.65.1, server: localhost, request: "GET /boba/ HTTP/1.1", upstream: "http://172.18.0.9:8080/", host: "localhost"
2025/11/22 08:55:32 [warn] 1#1: duplicate MIME type "text/html" in /etc/nginx/nginx.conf:11
2025/11/22 08:56:15 [warn] 1#1: duplicate MIME type "text/html" in /etc/nginx/nginx.conf:11
2025/11/22 08:56:32 [error] 22#22: *1 connect() failed (111: Connection refused) while connecting to upstream, client: 192.168.65.1, server: localhost, request: "GET /boba/ HTTP/1.1", upstream: "http://172.18.0.6:8080/", host: "localhost"
2025/11/22 08:59:44 [warn] 1#1: duplicate MIME type "text/html" in /etc/nginx/nginx.conf:11
2025/11/22 09:15:26 [warn] 1#1: duplicate MIME type "text/html" in /etc/nginx/nginx.conf:11
2025/11/22 09:20:17 [warn] 1#1: duplicate MIME type "text/html" in /etc/nginx/nginx.conf:11
2025/11/30 16:50:53 [warn] 1#1: duplicate MIME type "text/html" in /etc/nginx/nginx.conf:11
2025/11/30 16:50:53 [emerg] 1#1: host not found in upstream "BOBA:8080" in /etc/nginx/nginx.conf:27
2025/11/30 16:52:40 [warn] 1#1: duplicate MIME type "text/html" in /etc/nginx/nginx.conf:11
2025/11/30 16:52:40 [emerg] 1#1: host not found in upstream "BIBA:8080" in /etc/nginx/nginx.conf:23
2025/11/30 16:52:51 [warn] 1#1: duplicate MIME type "text/html" in /etc/nginx/nginx.conf:11
2025/11/30 16:52:51 [emerg] 1#1: host not found in upstream "BOBA:8080" in /etc/nginx/nginx.conf:27
2025/11/30 16:55:59 [warn] 1#1: duplicate MIME type "text/html" in /etc/nginx/nginx.conf:11
2025/11/30 16:56:44 [error] 22#22: *2 connect() failed (111: Connection refused) while connecting to upstream, client: 192.168.65.1, server: localhost, request: "GET /biba/ HTTP/1.1", upstream: "http://172.18.0.4:8080/", host: "localhost"
2025/11/30 16:57:35 [error] 22#22: *2 connect() failed (113: No route to host) while connecting to upstream, client: 192.168.65.1, server: localhost, request: "GET /biba/ HTTP/1.1", upstream: "http://172.18.0.4:8080/", host: "localhost"
2025/11/30 17:21:51 [warn] 1#1: duplicate MIME type "text/html" in /etc/nginx/nginx.conf:11
2025/11/30 17:21:51 [emerg] 1#1: host not found in upstream "BIBA:8080" in /etc/nginx/nginx.conf:23
2025/11/30 17:22:09 [warn] 1#1: duplicate MIME type "text/html" in /etc/nginx/nginx.conf:11
2025/11/30 17:25:41 [warn] 1#1: duplicate MIME type "text/html" in /etc/nginx/nginx.conf:11
2025/11/30 17:25:41 [emerg] 1#1: host not found in upstream "BIBA:8080" in /etc/nginx/nginx.conf:23
2025/11/30 17:25:49 [warn] 1#1: duplicate MIME type "text/html" in /etc/nginx/nginx.conf:11
2025/11/30 17:47:26 [warn] 1#1: duplicate MIME type "text/html" in /etc/nginx/nginx.conf:11
2025/11/30 17:47:26 [emerg] 1#1: host not found in upstream "BIBA:8080" in /etc/nginx/nginx.conf:23
2025/11/30 18:35:47 [warn] 1#1: duplicate MIME type "text/html" in /etc/nginx/nginx.conf:11
2025/11/30 18:36:52 [warn] 1#1: duplicate MIME type "text/html" in /etc/nginx/nginx.conf:11
2025/11/30 18:36:52 [emerg] 1#1: host not found in upstream "BIBA:8080" in /etc/nginx/nginx.conf:23
2025/11/30 18:37:20 [warn] 1#1: duplicate MIME type "text/html" in /etc/nginx/nginx.conf:11
2025/11/30 18:56:10 [warn] 1#1: duplicate MIME type "text/html" in /etc/nginx/nginx.conf:11
2025/12/06 09:27:15 [warn] 1#1: duplicate MIME type "text/html" in /etc/nginx/nginx.conf:11
2025/12/06 09:27:15 [emerg] 1#1: host not found in upstream "BIBA:8080" in /etc/nginx/nginx.conf:23
2025/12/06 09:28:04 [warn] 1#1: duplicate MIME type "text/html" in /etc/nginx/nginx.conf:11
2025/12/06 09:28:04 [emerg] 1#1: host not found in upstream "BIBA:8080" in /etc/nginx/nginx.conf:23
2025/12/06 09:29:35 [warn] 1#1: duplicate MIME type "text/html" in /etc/nginx/nginx.conf:11
2025/12/06 09:29:35 [emerg] 1#1: host not found in upstream "BIBA:8080" in /etc/nginx/nginx.conf:23
2025/12/06 09:30:24 [warn] 1#1: duplicate MIME type "text/html" in /etc/nginx/nginx.conf:11
2025/12/06 09:30:24 [emerg] 1#1: host not found in upstream "BIBA:8080" in /etc/nginx/nginx.conf:23
2025/12/06 09:32:31 [warn] 1#1: duplicate MIME type "text/html" in /etc/nginx/nginx.conf:11
2025/12/06 09:32:31 [emerg] 1#1: host not found in upstream "BIBA:8080" in /etc/nginx/nginx.conf:23
2025/12/06 09:35:35 [warn] 1#1: duplicate MIME type "text/html" in /etc/nginx/nginx.conf:11
2025/12/06 09:35:35 [emerg] 1#1: host not found in upstream "BIBA:8080" in /etc/nginx/nginx.conf:23
2025/12/06 09:38:03 [warn] 1#1: duplicate MIME type "text/html" in /etc/nginx/nginx.conf:11
2025/12/06 09:55:25 [warn] 1#1: duplicate MIME type "text/html" in /etc/nginx/nginx.conf:11
2025/12/06 09:56:38 [warn] 1#1: duplicate MIME type "text/html" in /etc/nginx/nginx.conf:11
2025/12/06 09:58:25 [warn] 1#1: duplicate MIME type "text/html" in /etc/nginx/nginx.conf:11
2025/12/06 10:02:58 [warn] 1#1: duplicate MIME type "text/html" in /etc/nginx/nginx.conf:11
2025/12/06 10:04:25 [warn] 1#1: duplicate MIME type "text/html" in /etc/nginx/nginx.conf:11
2025/12/06 10:09:26 [warn] 1#1: duplicate MIME type "text/html" in /etc/nginx/nginx.conf:11
2025/12/06 18:36:35 [warn] 1#1: duplicate MIME type "text/html" in /etc/nginx/nginx.conf:11
2025/12/06 18:38:43 [warn] 1#1: duplicate MIME type "text/html" in /etc/nginx/nginx.conf:11
2025/12/06 18:40:43 [warn] 1#1: duplicate MIME type "text/html" in /etc/nginx/nginx.conf:11
2025/12/06 18:42:47 [warn] 1#1: duplicate MIME type "text/html" in /etc/nginx/nginx.conf:11
2025/12/06 20:25:07 [warn] 1#1: duplicate MIME type "text/html" in /etc/nginx/nginx.conf:11
2025/12/06 20:27:44 [warn] 1#1: duplicate MIME type "text/html" in /etc/nginx/nginx.conf:11
2025/12/06 22:45:18 [warn] 1#1: duplicate MIME type "text/html" in /etc/nginx/nginx.conf:11
2025/12/06 23:09:43 [warn] 1#1: duplicate MIME type "text/html" in /etc/nginx/nginx.conf:11
2025/12/06 23:11:13 [warn] 1#1: duplicate MIME type "text/html" in /etc/nginx/nginx.conf:11
2025/12/06 23:47:45 [warn] 1#1: duplicate MIME type "text/html" in /etc/nginx/nginx.conf:11
2025/12/06 23:51:13 [warn] 1#1: duplicate MIME type "text/html" in /etc/nginx/nginx.conf:11
2025/12/07 00:38:08 [warn] 1#1: duplicate MIME type "text/html" in /etc/nginx/nginx.conf:11
2025/12/07 00:54:21 [warn] 1#1: duplicate MIME type "text/html" in /etc/nginx/nginx.conf:11
2025/12/07 01:14:45 [warn] 1#1: duplicate MIME type "text/html" in /etc/nginx/nginx.conf:11
2025/12/07 01:21:57 [warn] 1#1: duplicate MIME type "text/html" in /etc/nginx/nginx.conf:11
2025/12/07 01:26:48 [warn] 1#1: duplicate MIME type "text/html" in /etc/nginx/nginx.conf:11
2025/12/07 01:28:26 [warn] 1#1: duplicate MIME type "text/html" in /etc/nginx/nginx.conf:11
2025/12/07 01:52:48 [warn] 1#1: duplicate MIME type "text/html" in /etc/nginx/nginx.conf:11
2025/12/07 12:36:12 [warn] 1#1: duplicate MIME type "text/html" in /etc/nginx/nginx.conf:11
2025/12/07 14:17:34 [warn] 1#1: duplicate MIME type "text/html" in /etc/nginx/nginx.conf:11
2025/12/07 14:19:48 [warn] 1#1: duplicate MIME type "text/html" in /etc/nginx/nginx.conf:11
2025/12/07 14:22:34 [warn] 1#1: duplicate MIME type "text/html" in /etc/nginx/nginx.conf:11
2025/12/07 15:37:57 [warn] 1#1: duplicate MIME type "text/html" in /etc/nginx/nginx.conf:11
2025/12/07 16:32:17 [warn] 1#1: duplicate MIME type "text/html" in /etc/nginx/nginx.conf:11
2025/12/07 16:35:43 [warn] 1#1: duplicate MIME type "text/html" in /etc/nginx/nginx.conf:11
2025/12/07 16:38:47 [warn] 1#1: duplicate MIME type "text/html" in /etc/nginx/nginx.conf:11
2025/12/07 16:44:57 [warn] 1#1: duplicate MIME type "text/html" in /etc/nginx/nginx.conf:11
2025/12/07 17:03:22 [warn] 1#1: duplicate MIME type "text/html" in /etc/nginx/nginx.conf:11
2025/12/07 17:14:48 [warn] 1#1: duplicate MIME type "text/html" in /etc/nginx/nginx.conf:11
2025/12/07 17:43:36 [warn] 1#1: duplicate MIME type "text/html" in /etc/nginx/nginx.conf:11
2025/12/07 18:53:34 [warn] 1#1: duplicate MIME type "text/html" in /etc/nginx/nginx.conf:11
2025/12/07 18:54:17 [warn] 1#1: duplicate MIME type "text/html" in /etc/nginx/nginx.conf:11
2025/12/07 21:22:13 [warn] 1#1: duplicate MIME type "text/html" in /etc/nginx/nginx.conf:11
2025/12/07 21:23:49 [warn] 1#1: duplicate MIME type "text/html" in /etc/nginx/nginx.conf:11
2025/12/15 20:15:07 [warn] 1#1: duplicate MIME type "text/html" in /etc/nginx/nginx.conf:11
2025/12/15 20:28:06 [warn] 1#1: duplicate MIME type "text/html" in /etc/nginx/nginx.conf:11
2025/12/15 20:48:12 [warn] 1#1: duplicate MIME type "text/html" in /etc/nginx/nginx.conf:11
2025/12/16 20:09:15 [warn] 1#1: duplicate MIME type "text/html" in /etc/nginx/nginx.conf:11
2025/12/16 20:14:52 [warn] 1#1: duplicate MIME type "text/html" in /etc/nginx/nginx.conf:11
2025/12/16 20:22:49 [warn] 1#1: duplicate MIME type "text/html" in /etc/nginx/nginx.conf:11
2025/12/16 20:29:24 [warn] 1#1: duplicate MIME type "text/html" in /etc/nginx/nginx.conf:11
2025/12/16 20:37:23 [warn] 1#1: duplicate MIME type "text/html" in /etc/nginx/nginx.conf:11
2025/12/24 19:52:27 [warn] 1#1: duplicate MIME type "text/html" in /etc/nginx/nginx.conf:11
2025/12/24 20:09:43 [warn] 1#1: duplicate MIME type "text/html" in /etc/nginx/nginx.conf:11
2025/12/24 21:06:49 [warn] 1#1: duplicate MIME type "text/html" in /etc/nginx/nginx.conf:11
2025/12/24 21:21:17 [warn] 1#1: duplicate MIME type "text/html" in /etc/nginx/nginx.conf:11
2025/12/27 19:02:46 [warn] 1#1: duplicate MIME type "text/html" in /etc/nginx/nginx.conf:11
2025/12/27 19:07:29 [warn] 1#1: duplicate MIME type "text/html" in /etc/nginx/nginx.conf:11
2025/12/27 19:10:10 [warn] 1#1: duplicate MIME type "text/html" in /etc/nginx/nginx.conf:11
2025/12/27 20:26:49 [warn] 1#1: duplicate MIME type "text/html" in /etc/nginx/nginx.conf:11
2025/12/27 20:42:05 [warn] 1#1: duplicate MIME type "text/html" in /etc/nginx/nginx.conf:11
2025/12/27 20:49:04 [warn] 1#1: duplicate MIME type "text/html" in /etc/nginx/nginx.conf:11
2025/12/27 21:15:38 [warn] 1#1: duplicate MIME type "text/html" in /etc/nginx/nginx.conf:11
2025/12/27 21:50:28 [warn] 1#1: duplicate MIME type "text/html" in /etc/nginx/nginx.conf:11
2025/12/27 22:16:43 [warn] 1#1: duplicate MIME type "text/html" in /etc/nginx/nginx.conf:11
2025/12/27 23:36:25 [warn] 1#1: duplicate MIME type "text/html" in /etc/nginx/nginx.conf:11
2025/12/28 00:28:13 [warn] 1#1: duplicate MIME type "text/html" in /etc/nginx/nginx.conf:11
2025/12/28 00:37:47 [warn] 1#1: duplicate MIME type "text/html" in /etc/nginx/nginx.conf:11
2025/12/28 00:54:34 [warn] 1#1: duplicate MIME type "text/html" in /etc/nginx/nginx.conf:11
2025/12/28 00:56:16 [warn] 1#1: duplicate MIME type "text/html" in /etc/nginx/nginx.conf:11
2025/12/28 09:21:53 [warn] 1#1: duplicate MIME type "text/html" in /etc/nginx/nginx.conf:11
2025/12/28 09:34:49 [warn] 1#1: duplicate MIME type "text/html" in /etc/nginx/nginx.conf:11
